
[2021-10-2419:39:47] [ INFO ] [UserServiceImpl:56] Saving new roleROLE_USER to the database
[2021-10-2419:39:47] [ INFO ] [UserServiceImpl:56] Saving new roleROLE_MANAGER to the database
[2021-10-2419:39:47] [ INFO ] [UserServiceImpl:56] Saving new roleROLE_ADMIN to the database
[2021-10-2419:39:47] [ INFO ] [UserServiceImpl:56] Saving new roleROLE_SUPER_ADMIN to the database
[2021-10-2419:39:47] [ INFO ] [UserServiceImpl:49] Saving new user: John to the database
[2021-10-2419:39:47] [ INFO ] [UserServiceImpl:49] Saving new user: Will to the database
[2021-10-2419:39:47] [ INFO ] [UserServiceImpl:49] Saving new user: Jim to the database
[2021-10-2419:39:47] [ INFO ] [UserServiceImpl:49] Saving new user: Arnold to the database
[2021-10-2419:39:47] [ INFO ] [UserServiceImpl:62] Adding role ROLE_USER to user john@gmail.com
[2021-10-2419:39:47] [ INFO ] [UserServiceImpl:62] Adding role ROLE_MANAGER to user john@gmail.com
[2021-10-2419:39:47] [ INFO ] [UserServiceImpl:62] Adding role ROLE_MANAGER to user will@gmail.com
[2021-10-2419:39:47] [ INFO ] [UserServiceImpl:62] Adding role ROLE_ADMIN to user jim@gmail.com
[2021-10-2419:39:47] [ INFO ] [UserServiceImpl:62] Adding role ROLE_SUPER_ADMIN to user arnold@gmail.com
[2021-10-2419:39:47] [ INFO ] [UserServiceImpl:62] Adding role ROLE_ADMIN to user arnold@gmail.com
[2021-10-2419:39:47] [ INFO ] [UserServiceImpl:62] Adding role ROLE_USER to user arnold@gmail.com
[2021-10-2419:39:47] [ INFO ] [CategoryServiceImpl:36] Saving new category: casas to the database
[2021-10-2419:39:47] [ INFO ] [CategoryServiceImpl:36] Saving new category: apartamentos to the database
[2021-10-2419:39:47] [ INFO ] [CategoryServiceImpl:36] Saving new category: fincas to the database
[2021-10-2419:39:47] [ INFO ] [CategoryServiceImpl:36] Saving new category: mansiones to the database
[2021-10-2419:40:29] [ INFO ] [UserServiceImpl:49] Saving new user: mario to the database
[2021-10-2419:40:40] [ INFO ] [UserServiceImpl:49] Saving new user: mario to the database
[2021-10-2419:40:57] [ INFO ] [UserServiceImpl:49] Saving new user: mario to the database
[2021-10-2419:59:10] [ INFO ] [UserServiceImpl:56] Saving new roleROLE_USER to the database
[2021-10-2419:59:10] [ INFO ] [UserServiceImpl:56] Saving new roleROLE_MANAGER to the database
[2021-10-2419:59:10] [ INFO ] [UserServiceImpl:56] Saving new roleROLE_ADMIN to the database
[2021-10-2419:59:10] [ INFO ] [UserServiceImpl:56] Saving new roleROLE_SUPER_ADMIN to the database
[2021-10-2419:59:10] [ INFO ] [UserServiceImpl:49] Saving new user: John to the database
[2021-10-2419:59:10] [ INFO ] [UserServiceImpl:49] Saving new user: Will to the database
[2021-10-2419:59:10] [ INFO ] [UserServiceImpl:49] Saving new user: Jim to the database
[2021-10-2419:59:10] [ INFO ] [UserServiceImpl:49] Saving new user: Arnold to the database
[2021-10-2419:59:10] [ INFO ] [UserServiceImpl:62] Adding role ROLE_USER to user john@gmail.com
[2021-10-2419:59:11] [ INFO ] [UserServiceImpl:62] Adding role ROLE_MANAGER to user john@gmail.com
[2021-10-2419:59:11] [ INFO ] [UserServiceImpl:62] Adding role ROLE_MANAGER to user will@gmail.com
[2021-10-2419:59:11] [ INFO ] [UserServiceImpl:62] Adding role ROLE_ADMIN to user jim@gmail.com
[2021-10-2419:59:11] [ INFO ] [UserServiceImpl:62] Adding role ROLE_SUPER_ADMIN to user arnold@gmail.com
[2021-10-2419:59:11] [ INFO ] [UserServiceImpl:62] Adding role ROLE_ADMIN to user arnold@gmail.com
[2021-10-2419:59:11] [ INFO ] [UserServiceImpl:62] Adding role ROLE_USER to user arnold@gmail.com
[2021-10-2419:59:11] [ INFO ] [CategoryServiceImpl:36] Saving new category: casas to the database
[2021-10-2419:59:11] [ INFO ] [CategoryServiceImpl:36] Saving new category: apartamentos to the database
[2021-10-2419:59:11] [ INFO ] [CategoryServiceImpl:36] Saving new category: fincas to the database
[2021-10-2419:59:11] [ INFO ] [CategoryServiceImpl:36] Saving new category: mansiones to the database
[2021-10-2419:59:58] [ INFO ] [UserServiceImpl:49] Saving new user: mario to the database
[2021-10-2419:59:59] [ INFO ] [UserServiceImpl:49] Saving new user: mario to the database
[2021-10-2420:00:00] [ INFO ] [UserServiceImpl:49] Saving new user: mario to the database
[2021-10-2420:00:31] [ INFO ] [CategoryServiceImpl:24] Fetching all categories
[2021-10-2420:02:04] [ INFO ] [UserServiceImpl:56] Saving new roleROLE_USER to the database
[2021-10-2420:02:04] [ INFO ] [UserServiceImpl:56] Saving new roleROLE_MANAGER to the database
[2021-10-2420:02:04] [ INFO ] [UserServiceImpl:56] Saving new roleROLE_ADMIN to the database
[2021-10-2420:02:04] [ INFO ] [UserServiceImpl:56] Saving new roleROLE_SUPER_ADMIN to the database
[2021-10-2420:02:04] [ INFO ] [UserServiceImpl:49] Saving new user: John to the database
[2021-10-2420:02:04] [ INFO ] [UserServiceImpl:49] Saving new user: Will to the database
[2021-10-2420:02:04] [ INFO ] [UserServiceImpl:49] Saving new user: Jim to the database
[2021-10-2420:02:04] [ INFO ] [UserServiceImpl:49] Saving new user: Arnold to the database
[2021-10-2420:02:04] [ INFO ] [UserServiceImpl:62] Adding role ROLE_USER to user john@gmail.com
[2021-10-2420:02:04] [ INFO ] [UserServiceImpl:62] Adding role ROLE_MANAGER to user john@gmail.com
[2021-10-2420:02:04] [ INFO ] [UserServiceImpl:62] Adding role ROLE_MANAGER to user will@gmail.com
[2021-10-2420:02:04] [ INFO ] [UserServiceImpl:62] Adding role ROLE_ADMIN to user jim@gmail.com
[2021-10-2420:02:04] [ INFO ] [UserServiceImpl:62] Adding role ROLE_SUPER_ADMIN to user arnold@gmail.com
[2021-10-2420:02:04] [ INFO ] [UserServiceImpl:62] Adding role ROLE_ADMIN to user arnold@gmail.com
[2021-10-2420:02:04] [ INFO ] [UserServiceImpl:62] Adding role ROLE_USER to user arnold@gmail.com
[2021-10-2420:02:04] [ INFO ] [CategoryServiceImpl:36] Saving new category: casas to the database
[2021-10-2420:02:04] [ INFO ] [CategoryServiceImpl:36] Saving new category: apartamentos to the database
[2021-10-2420:02:04] [ INFO ] [CategoryServiceImpl:36] Saving new category: fincas to the database
[2021-10-2420:02:04] [ INFO ] [CategoryServiceImpl:36] Saving new category: mansiones to the database
[2021-10-2420:02:30] [ INFO ] [CategoryServiceImpl:24] Fetching all categories
[2021-10-2420:04:44] [ INFO ] [UserServiceImpl:56] Saving new roleROLE_USER to the database
[2021-10-2420:04:44] [ INFO ] [UserServiceImpl:56] Saving new roleROLE_MANAGER to the database
[2021-10-2420:04:44] [ INFO ] [UserServiceImpl:56] Saving new roleROLE_ADMIN to the database
[2021-10-2420:04:44] [ INFO ] [UserServiceImpl:56] Saving new roleROLE_SUPER_ADMIN to the database
[2021-10-2420:04:44] [ INFO ] [UserServiceImpl:49] Saving new user: John to the database
[2021-10-2420:04:44] [ INFO ] [UserServiceImpl:49] Saving new user: Will to the database
[2021-10-2420:04:44] [ INFO ] [UserServiceImpl:49] Saving new user: Jim to the database
[2021-10-2420:04:44] [ INFO ] [UserServiceImpl:49] Saving new user: Arnold to the database
[2021-10-2420:04:44] [ INFO ] [UserServiceImpl:62] Adding role ROLE_USER to user john@gmail.com
[2021-10-2420:04:44] [ INFO ] [UserServiceImpl:62] Adding role ROLE_MANAGER to user john@gmail.com
[2021-10-2420:04:44] [ INFO ] [UserServiceImpl:62] Adding role ROLE_MANAGER to user will@gmail.com
[2021-10-2420:04:44] [ INFO ] [UserServiceImpl:62] Adding role ROLE_ADMIN to user jim@gmail.com
[2021-10-2420:04:44] [ INFO ] [UserServiceImpl:62] Adding role ROLE_SUPER_ADMIN to user arnold@gmail.com
[2021-10-2420:04:44] [ INFO ] [UserServiceImpl:62] Adding role ROLE_ADMIN to user arnold@gmail.com
[2021-10-2420:04:44] [ INFO ] [UserServiceImpl:62] Adding role ROLE_USER to user arnold@gmail.com
[2021-10-2420:04:44] [ INFO ] [CategoryServiceImpl:36] Saving new category: casas to the database
[2021-10-2420:04:44] [ INFO ] [CategoryServiceImpl:36] Saving new category: apartamentos to the database
[2021-10-2420:04:44] [ INFO ] [CategoryServiceImpl:36] Saving new category: fincas to the database
[2021-10-2420:04:44] [ INFO ] [CategoryServiceImpl:36] Saving new category: mansiones to the database
[2021-10-2420:05:04] [ INFO ] [UserServiceImpl:49] Saving new user: mario to the database
[2021-10-2420:05:05] [ INFO ] [UserServiceImpl:49] Saving new user: mario to the database
[2021-10-2420:05:17] [ INFO ] [UserServiceImpl:49] Saving new user: mario to the database
[2021-10-2420:05:26] [ ERROR] [GlobalExceptionHandler:21] JSON parse error: Unexpected end-of-input: expected close marker for Object (start marker at [Source: (PushbackInputStream); line: 1, column: 1]); nested exception is com.fasterxml.jackson.core.io.JsonEOFException: Unexpected end-of-input: expected close marker for Object (start marker at [Source: (PushbackInputStream); line: 1, column: 1])
 at [Source: (PushbackInputStream); line: 2, column: 1]uri=/api/open/user/save;client=0:0:0:0:0:0:0:1
[2021-10-2420:05:29] [ ERROR] [GlobalExceptionHandler:21] Required request body is missing: public org.springframework.http.ResponseEntity<?> io.hus.controller.userController.UserController.saveUser(io.hus.entity.userEntity.User)uri=/api/open/user/save;client=0:0:0:0:0:0:0:1
